{
  "RSpec": {
    "coverage": {
      "/Users/aksjohn/Projects/oystercard/spec/journey_log_spec.rb": [
        1,
        null,
        1,
        5,
        1,
        3,
        3,
        null,
        1,
        1,
        null,
        null,
        1,
        1,
        1,
        null,
        null,
        1,
        1,
        1,
        1,
        null,
        null,
        1,
        1,
        1,
        null,
        null,
        null
      ],
      "/Users/aksjohn/Projects/oystercard/lib/journey_log.rb": [
        1,
        null,
        1,
        null,
        1,
        17,
        17,
        null,
        null,
        1,
        8,
        8,
        8,
        null,
        null,
        1,
        6,
        null,
        null,
        1,
        26,
        null,
        null,
        1,
        null,
        1,
        6,
        1,
        1,
        1,
        null,
        5,
        null,
        null,
        null,
        null
      ],
      "/Users/aksjohn/Projects/oystercard/lib/journey.rb": [
        1,
        null,
        1,
        1,
        1,
        null,
        1,
        null,
        1,
        22,
        22,
        22,
        null,
        null,
        1,
        7,
        null,
        null,
        1,
        39,
        null,
        null,
        1,
        30,
        null,
        null,
        null
      ],
      "/Users/aksjohn/Projects/oystercard/spec/journey_spec.rb": [
        1,
        null,
        1,
        5,
        4,
        8,
        7,
        3,
        null,
        1,
        1,
        1,
        null,
        null,
        1,
        1,
        null,
        null,
        null,
        1,
        1,
        1,
        null,
        null,
        1,
        1,
        null,
        null,
        null,
        1,
        1,
        4,
        null,
        null,
        null,
        1,
        1,
        1,
        null,
        null,
        1,
        1,
        1,
        null,
        null,
        1,
        1,
        1,
        null,
        null,
        1,
        1,
        1,
        null,
        null,
        null,
        1,
        1,
        1,
        null,
        null,
        1,
        1,
        1,
        null,
        null,
        1,
        1,
        1,
        null,
        null,
        1,
        1,
        1,
        null,
        null,
        null,
        null
      ],
      "/Users/aksjohn/Projects/oystercard/spec/oystercard_spec.rb": [
        1,
        null,
        1,
        13,
        8,
        5,
        3,
        null,
        1,
        1,
        1,
        null,
        null,
        1,
        1,
        1,
        null,
        null,
        1,
        1,
        null,
        null,
        1,
        1,
        null,
        null,
        null,
        1,
        1,
        4,
        null,
        null,
        null,
        1,
        1,
        2,
        null,
        null,
        1,
        4,
        null,
        null,
        1,
        1,
        4,
        null,
        null,
        null,
        1,
        1,
        1,
        1,
        null,
        null,
        1,
        1,
        null,
        null,
        null,
        1,
        1,
        3,
        3,
        3,
        null,
        null,
        1,
        1,
        null,
        null,
        1,
        1,
        null,
        null,
        1,
        1,
        null,
        null,
        null,
        1,
        1,
        1,
        2,
        null,
        null,
        1,
        1,
        2,
        null,
        null,
        null
      ],
      "/Users/aksjohn/Projects/oystercard/lib/oystercard.rb": [
        1,
        null,
        1,
        null,
        1,
        1,
        null,
        1,
        null,
        1,
        13,
        13,
        null,
        null,
        1,
        8,
        7,
        null,
        null,
        1,
        11,
        3,
        null,
        null,
        1,
        7,
        6,
        6,
        null,
        null,
        1,
        4,
        4,
        null,
        null,
        1,
        4,
        null,
        null,
        1,
        null,
        1,
        4,
        null,
        null,
        1,
        8,
        null,
        null,
        1,
        7,
        null,
        null,
        null
      ],
      "/Users/aksjohn/Projects/oystercard/spec/station_spec.rb": [
        1,
        null,
        1,
        3,
        null,
        1,
        1,
        1,
        null,
        null,
        1,
        1,
        null,
        null,
        null,
        null
      ],
      "/Users/aksjohn/Projects/oystercard/lib/station.rb": [
        1,
        null,
        1,
        null,
        1,
        2,
        2,
        null,
        null,
        null
      ]
    },
    "timestamp": 1500046336
  }
}
